\BOOKMARK [1][-]{section.1}{Introdu\347\343o}{}% 1
\BOOKMARK [1][-]{section.2}{Arquivos trace}{}% 2
\BOOKMARK [2][-]{subsection.2.1}{Princ\355pio Localidade Espacial}{section.2}% 3
\BOOKMARK [2][-]{subsection.2.2}{Princ\355pio Localidade Temporal}{section.2}% 4
\BOOKMARK [2][-]{subsection.2.3}{Princ\355pio Localidade Espacial e Temporal}{section.2}% 5
\BOOKMARK [2][-]{subsection.2.4}{Nenhum Princ\355pio}{section.2}% 6
\BOOKMARK [1][-]{section.3}{Configura\347\365es das arquiteturas}{}% 7
\BOOKMARK [2][-]{subsection.3.1}{Arquitetura Base}{section.3}% 8
\BOOKMARK [2][-]{subsection.3.2}{Arquitetura 2 Words}{section.3}% 9
\BOOKMARK [2][-]{subsection.3.3}{Arquitetura 4 Words}{section.3}% 10
\BOOKMARK [2][-]{subsection.3.4}{Arquitetura Duas Caches Unified}{section.3}% 11
\BOOKMARK [2][-]{subsection.3.5}{Arquitetura Cache Splitted}{section.3}% 12
\BOOKMARK [2][-]{subsection.3.6}{Arquitetura Associtivadade 4}{section.3}% 13
\BOOKMARK [2][-]{subsection.3.7}{Arquitetura Associtivadade 32}{section.3}% 14
\BOOKMARK [2][-]{subsection.3.8}{Arquitetura LRU}{section.3}% 15
\BOOKMARK [2][-]{subsection.3.9}{Arquitetura Tamanho 64}{section.3}% 16
\BOOKMARK [2][-]{subsection.3.10}{Arquitetura Tamanho 128}{section.3}% 17
\BOOKMARK [1][-]{section.4}{Gr\341ficos e An\341lise dos Gr\341ficos}{}% 18
\BOOKMARK [2][-]{subsection.4.1}{Princ\355pio Localidade Espacial}{section.4}% 19
\BOOKMARK [3][-]{subsubsection.4.1.1}{Rela\347\343o da taxa de acerto \(hit rate\) com o tamanho da cache}{subsection.4.1}% 20
\BOOKMARK [3][-]{subsubsection.4.1.2}{Rela\347\343o da taxa de acerto \(hit rate\) com o tamanho do bloco}{subsection.4.1}% 21
\BOOKMARK [3][-]{subsubsection.4.1.3}{Rela\347\343o da taxa de acerto \(hit rate\) com o n\355vel de associatividade}{subsection.4.1}% 22
\BOOKMARK [3][-]{subsubsection.4.1.4}{Rela\347\343o da taxa de acerto \(hit rate\) com o algoritmo de substitui\347\343o}{subsection.4.1}% 23
\BOOKMARK [3][-]{subsubsection.4.1.5}{Rela\347\343o da taxa de acerto \(hit rate\) com o n\372mero de caches}{subsection.4.1}% 24
\BOOKMARK [3][-]{subsubsection.4.1.6}{An\341lise do Gr\341fico}{subsection.4.1}% 25
\BOOKMARK [2][-]{subsection.4.2}{Princ\355pio Localidade Temporal}{section.4}% 26
\BOOKMARK [3][-]{subsubsection.4.2.1}{Rela\347\343o da taxa de acerto \(hit rate\) com o tamanho da cache}{subsection.4.2}% 27
\BOOKMARK [3][-]{subsubsection.4.2.2}{Rela\347\343o da taxa de acerto \(hit rate\) com o tamanho do bloco}{subsection.4.2}% 28
\BOOKMARK [3][-]{subsubsection.4.2.3}{Rela\347\343o da taxa de acerto \(hit rate\) com o n\355vel de associatividade}{subsection.4.2}% 29
\BOOKMARK [3][-]{subsubsection.4.2.4}{Rela\347\343o da taxa de acerto \(hit rate\) com o algoritmo de substitui\347\343o}{subsection.4.2}% 30
\BOOKMARK [3][-]{subsubsection.4.2.5}{Rela\347\343o da taxa de acerto \(hit rate\) com o n\372mero de caches}{subsection.4.2}% 31
\BOOKMARK [2][-]{subsection.4.3}{Princ\355pio Localidade Espacial e Temporal}{section.4}% 32
\BOOKMARK [3][-]{subsubsection.4.3.1}{Rela\347\343o da taxa de acerto \(hit rate\) com o tamanho da cache}{subsection.4.3}% 33
\BOOKMARK [3][-]{subsubsection.4.3.2}{Rela\347\343o da taxa de acerto \(hit rate\) com o tamanho do bloco}{subsection.4.3}% 34
\BOOKMARK [3][-]{subsubsection.4.3.3}{Rela\347\343o da taxa de acerto \(hit rate\) com o n\355vel de associatividade}{subsection.4.3}% 35
\BOOKMARK [3][-]{subsubsection.4.3.4}{Rela\347\343o da taxa de acerto \(hit rate\) com o algoritmo de substitui\347\343o}{subsection.4.3}% 36
\BOOKMARK [3][-]{subsubsection.4.3.5}{Rela\347\343o da taxa de acerto \(hit rate\) com o n\372mero de caches}{subsection.4.3}% 37
\BOOKMARK [3][-]{subsubsection.4.3.6}{An\341lise Geral do Gr\341fico}{subsection.4.3}% 38
\BOOKMARK [2][-]{subsection.4.4}{Nenhum Princ\355pio}{section.4}% 39
\BOOKMARK [3][-]{subsubsection.4.4.1}{Rela\347\343o da taxa de acerto \(hit rate\) com o tamanho da cache}{subsection.4.4}% 40
\BOOKMARK [3][-]{subsubsection.4.4.2}{Rela\347\343o da taxa de acerto \(hit rate\) com o tamanho do bloco}{subsection.4.4}% 41
\BOOKMARK [3][-]{subsubsection.4.4.3}{Rela\347\343o da taxa de acerto \(hit rate\) com o n\355vel de associatividade}{subsection.4.4}% 42
\BOOKMARK [3][-]{subsubsection.4.4.4}{Rela\347\343o da taxa de acerto \(hit rate\) com o algoritmo de substitui\347\343o}{subsection.4.4}% 43
\BOOKMARK [3][-]{subsubsection.4.4.5}{Rela\347\343o da taxa de acerto \(hit rate\) com o n\372mero de caches}{subsection.4.4}% 44
\BOOKMARK [1][-]{section.5}{Conclus\343o}{}% 45
