\BOOKMARK [1][-]{section.1}{Resultados}{}% 1
\BOOKMARK [2][-]{subsection.1.1}{Base Bin\341ria}{section.1}% 2
\BOOKMARK [3][-]{subsubsection.1.1.1}{para Octal}{subsection.1.1}% 3
\BOOKMARK [3][-]{subsubsection.1.1.2}{para Decimal}{subsection.1.1}% 4
\BOOKMARK [3][-]{subsubsection.1.1.3}{para Hexadecimal}{subsection.1.1}% 5
\BOOKMARK [3][-]{subsubsection.1.1.4}{Verifica\347\343o de Bin\341rio}{subsection.1.1}% 6
\BOOKMARK [2][-]{subsection.1.2}{Base Octal}{section.1}% 7
\BOOKMARK [3][-]{subsubsection.1.2.1}{para Binaria}{subsection.1.2}% 8
\BOOKMARK [3][-]{subsubsection.1.2.2}{para Decimal}{subsection.1.2}% 9
\BOOKMARK [3][-]{subsubsection.1.2.3}{para Hexadecimal}{subsection.1.2}% 10
\BOOKMARK [3][-]{subsubsection.1.2.4}{Verifica\347\343o de Octal}{subsection.1.2}% 11
\BOOKMARK [2][-]{subsection.1.3}{Base Decimal}{section.1}% 12
\BOOKMARK [3][-]{subsubsection.1.3.1}{para Binaria}{subsection.1.3}% 13
\BOOKMARK [3][-]{subsubsection.1.3.2}{para Octal}{subsection.1.3}% 14
\BOOKMARK [3][-]{subsubsection.1.3.3}{para Hexadecimal}{subsection.1.3}% 15
\BOOKMARK [3][-]{subsubsection.1.3.4}{Verifica\347\343o de Decimal}{subsection.1.3}% 16
\BOOKMARK [2][-]{subsection.1.4}{Base Hexadecimal}{section.1}% 17
\BOOKMARK [3][-]{subsubsection.1.4.1}{para Binaria}{subsection.1.4}% 18
\BOOKMARK [3][-]{subsubsection.1.4.2}{para Octal}{subsection.1.4}% 19
\BOOKMARK [3][-]{subsubsection.1.4.3}{para Decimal}{subsection.1.4}% 20
\BOOKMARK [3][-]{subsubsection.1.4.4}{Verifica\347\343o de Hexadecimal}{subsection.1.4}% 21
\BOOKMARK [1][-]{section.2}{Observa\347\365es}{}% 22
